<?xml version="1.0" encoding="UTF-8"?>
<!-- Generated by org.testng.reporters.JUnitReportReporter -->
<testsuite hostname="DESKTOP-TN0TCC8" failures="0" tests="4" name="com.test.classes.loginTest" time="97.325" errors="0" timestamp="2021-07-14T13:05:42 IST" skipped="0">
  <testcase classname="com.test.classes.loginTest" name="test1" time="27.025"/>
  <system-out/>
  <testcase classname="com.test.classes.loginTest" name="test1" time="27.738"/>
  <system-out/>
  <testcase classname="com.test.classes.loginTest" name="test2" time="22.897"/>
  <system-out/>
  <testcase classname="com.test.classes.loginTest" name="test2" time="19.665"/>
  <system-out/>
</testsuite> <!-- com.test.classes.loginTest -->
